vincent@Ayako:~/Documents/crypto$ ./hikari 4
Hikari collision checker for ht48

Starting attack with d = 4
只今計算します。しばらくお待ちください。
----------ITERATION 1----------
293B1F43D6551EC5E0F03A3034728997 FEB62B4197D3C5CF9D2658598A30A9D9 23.923033
FEB62B4197D3C5CF9D2658598A30A9D9	B4A6F3BCA98E
293B1F43D6551EC5E0F03A3034728997	B4A6F3BCA98E
----------ITERATION 2----------
3B2475FB9E0C761C9F26231BFC9391A6 CB9FB199B80412D2F22A0A2F215E69E4 23.264116
FCCFD3B1F143C43F0C97830066407E0E 9A3B81873445A1FB96BC76F7E55FCF49 23.242873
CB9FB199B80412D2F22A0A2F215E69E49A3B81873445A1FB96BC76F7E55FCF49	A739AA5FDFC6
CB9FB199B80412D2F22A0A2F215E69E4FCCFD3B1F143C43F0C97830066407E0E	A739AA5FDFC6
3B2475FB9E0C761C9F26231BFC9391A69A3B81873445A1FB96BC76F7E55FCF49	A739AA5FDFC6
3B2475FB9E0C761C9F26231BFC9391A6FCCFD3B1F143C43F0C97830066407E0E	A739AA5FDFC6
----------ITERATION 3----------
2BB4CDF792B362319874C22B38D04C0C D85B4A07CA58CC7BF34CB57CE8A2186E 24.094739
2BD53C3119DCBA8D6AE0CDE9B67CC772 6A7EAFB2F3285587FAACFF4BD7DEDDFC 24.567555
4FB519899CC2706CB3E4E386938D7F61 58D52823D157F94F83F746F08BE77B9D 25.265376
D85B4A07CA58CC7BF34CB57CE8A2186E6A7EAFB2F3285587FAACFF4BD7DEDDFC58D52823D157F94F83F746F08BE77B9D	76DF80ED5659
D85B4A07CA58CC7BF34CB57CE8A2186E6A7EAFB2F3285587FAACFF4BD7DEDDFC4FB519899CC2706CB3E4E386938D7F61	76DF80ED5659
D85B4A07CA58CC7BF34CB57CE8A2186E2BD53C3119DCBA8D6AE0CDE9B67CC77258D52823D157F94F83F746F08BE77B9D	76DF80ED5659
D85B4A07CA58CC7BF34CB57CE8A2186E2BD53C3119DCBA8D6AE0CDE9B67CC7724FB519899CC2706CB3E4E386938D7F61	76DF80ED5659
2BB4CDF792B362319874C22B38D04C0C6A7EAFB2F3285587FAACFF4BD7DEDDFC58D52823D157F94F83F746F08BE77B9D	76DF80ED5659
2BB4CDF792B362319874C22B38D04C0C6A7EAFB2F3285587FAACFF4BD7DEDDFC4FB519899CC2706CB3E4E386938D7F61	76DF80ED5659
2BB4CDF792B362319874C22B38D04C0C2BD53C3119DCBA8D6AE0CDE9B67CC77258D52823D157F94F83F746F08BE77B9D	76DF80ED5659
2BB4CDF792B362319874C22B38D04C0C2BD53C3119DCBA8D6AE0CDE9B67CC7724FB519899CC2706CB3E4E386938D7F61	76DF80ED5659
----------ITERATION 4----------
1150467D2F5DC672B57223BDB25F1948 72080C0A6F18F75700F44890F6D2C4C8 25.149102
1F084BF977E511E0763596C0A96F4B81 A1E5E3F784634075B10F7F9D809DA99A 24.595831
D2213B16A63F4269A3200C5A368056A2 D18CB7CEAF09B8BE61445E6A4196363D 22.180559
E428475D564867E674D0C4CF6EA79555 85BBB50871715F8063CEE07FDE00841E 24.096091
72080C0A6F18F75700F44890F6D2C4C8A1E5E3F784634075B10F7F9D809DA99AD18CB7CEAF09B8BE61445E6A4196363D85BBB50871715F8063CEE07FDE00841E	092FCC401DCB
72080C0A6F18F75700F44890F6D2C4C8A1E5E3F784634075B10F7F9D809DA99AD18CB7CEAF09B8BE61445E6A4196363DE428475D564867E674D0C4CF6EA79555	092FCC401DCB
72080C0A6F18F75700F44890F6D2C4C8A1E5E3F784634075B10F7F9D809DA99AD2213B16A63F4269A3200C5A368056A285BBB50871715F8063CEE07FDE00841E	092FCC401DCB
72080C0A6F18F75700F44890F6D2C4C8A1E5E3F784634075B10F7F9D809DA99AD2213B16A63F4269A3200C5A368056A2E428475D564867E674D0C4CF6EA79555	092FCC401DCB
72080C0A6F18F75700F44890F6D2C4C81F084BF977E511E0763596C0A96F4B81D18CB7CEAF09B8BE61445E6A4196363D85BBB50871715F8063CEE07FDE00841E	092FCC401DCB
72080C0A6F18F75700F44890F6D2C4C81F084BF977E511E0763596C0A96F4B81D18CB7CEAF09B8BE61445E6A4196363DE428475D564867E674D0C4CF6EA79555	092FCC401DCB
72080C0A6F18F75700F44890F6D2C4C81F084BF977E511E0763596C0A96F4B81D2213B16A63F4269A3200C5A368056A285BBB50871715F8063CEE07FDE00841E	092FCC401DCB
72080C0A6F18F75700F44890F6D2C4C81F084BF977E511E0763596C0A96F4B81D2213B16A63F4269A3200C5A368056A2E428475D564867E674D0C4CF6EA79555	092FCC401DCB
1150467D2F5DC672B57223BDB25F1948A1E5E3F784634075B10F7F9D809DA99AD18CB7CEAF09B8BE61445E6A4196363D85BBB50871715F8063CEE07FDE00841E	092FCC401DCB
1150467D2F5DC672B57223BDB25F1948A1E5E3F784634075B10F7F9D809DA99AD18CB7CEAF09B8BE61445E6A4196363DE428475D564867E674D0C4CF6EA79555	092FCC401DCB
1150467D2F5DC672B57223BDB25F1948A1E5E3F784634075B10F7F9D809DA99AD2213B16A63F4269A3200C5A368056A285BBB50871715F8063CEE07FDE00841E	092FCC401DCB
1150467D2F5DC672B57223BDB25F1948A1E5E3F784634075B10F7F9D809DA99AD2213B16A63F4269A3200C5A368056A2E428475D564867E674D0C4CF6EA79555	092FCC401DCB
1150467D2F5DC672B57223BDB25F19481F084BF977E511E0763596C0A96F4B81D18CB7CEAF09B8BE61445E6A4196363D85BBB50871715F8063CEE07FDE00841E	092FCC401DCB
1150467D2F5DC672B57223BDB25F19481F084BF977E511E0763596C0A96F4B81D18CB7CEAF09B8BE61445E6A4196363DE428475D564867E674D0C4CF6EA79555	092FCC401DCB
1150467D2F5DC672B57223BDB25F19481F084BF977E511E0763596C0A96F4B81D2213B16A63F4269A3200C5A368056A285BBB50871715F8063CEE07FDE00841E	092FCC401DCB
1150467D2F5DC672B57223BDB25F19481F084BF977E511E0763596C0A96F4B81D2213B16A63F4269A3200C5A368056A2E428475D564867E674D0C4CF6EA79555	092FCC401DCB
